# JRE version: Java(TM) SE Runtime Environment (8.0-b132) (build 1.8.0-b132)
# Java VM: Java HotSpot(TM) 64-Bit Server VM (25.0-b70 mixed mode windows-amd64 compressed oops)
Heap:
 PSYoungGen      total 78336K, used 66403K [0x000000076be00000, 0x0000000771e00000, 0x00000007c0000000)
  eden space 64512K, 87% used [0x000000076be00000,0x000000076f4fb2e8,0x000000076fd00000)
  from space 13824K, 73% used [0x0000000771080000,0x0000000771a5d9f0,0x0000000771e00000)
  to   space 16896K, 0% used [0x000000076fd00000,0x000000076fd00000,0x0000000770d80000)
 ParOldGen       total 29696K, used 22845K [0x00000006c3a00000, 0x00000006c5700000, 0x000000076be00000)
  object space 29696K, 76% used [0x00000006c3a00000,0x00000006c504f738,0x00000006c5700000)
 Metaspace       used 65242K, capacity 68770K, committed 69040K, reserved 1110016K
  class space    used 8509K, capacity 9056K, committed 9136K, reserved 1048576K
GC Heap History (10 events):
Event: 1311.402 GC heap before
{Heap before GC invocations=40 (full 4):
 PSYoungGen      total 91136K, used 90966K [0x000000076be00000, 0x0000000772f00000, 0x00000007c0000000)
  eden space 80896K, 100% used [0x000000076be00000,0x0000000770d00000,0x0000000770d00000)
  from space 10240K, 98% used [0x0000000771080000,0x0000000771a559f0,0x0000000771a80000)
  to   space 17408K, 0% used [0x0000000771e00000,0x0000000771e00000,0x0000000772f00000)
 ParOldGen       total 29696K, used 22805K [0x00000006c3a00000, 0x00000006c5700000, 0x000000076be00000)
  object space 29696K, 76% used [0x00000006c3a00000,0x00000006c5045738,0x00000006c5700000)
 Metaspace       used 64972K, capacity 68432K, committed 68528K, reserved 1107968K
  class space    used 8507K, capacity 9053K, committed 9136K, reserved 1048576K
Event: 1311.408 GC heap after
Heap after GC invocations=40 (full 4):
 PSYoungGen      total 91136K, used 10150K [0x000000076be00000, 0x0000000772b80000, 0x00000007c0000000)
  eden space 77312K, 0% used [0x000000076be00000,0x000000076be00000,0x0000000770980000)
  from space 13824K, 73% used [0x0000000771e00000,0x00000007727e9a00,0x0000000772b80000)
  to   space 17408K, 0% used [0x0000000770980000,0x0000000770980000,0x0000000771a80000)
 ParOldGen       total 29696K, used 22813K [0x00000006c3a00000, 0x00000006c5700000, 0x000000076be00000)
  object space 29696K, 76% used [0x00000006c3a00000,0x00000006c5047738,0x00000006c5700000)
 Metaspace       used 64972K, capacity 68432K, committed 68528K, reserved 1107968K
  class space    used 8507K, capacity 9053K, committed 9136K, reserved 1048576K
}
Event: 1696.860 GC heap before
{Heap before GC invocations=41 (full 4):
 PSYoungGen      total 91136K, used 87462K [0x000000076be00000, 0x0000000772b80000, 0x00000007c0000000)
  eden space 77312K, 100% used [0x000000076be00000,0x0000000770980000,0x0000000770980000)
  from space 13824K, 73% used [0x0000000771e00000,0x00000007727e9a00,0x0000000772b80000)
  to   space 17408K, 0% used [0x0000000770980000,0x0000000770980000,0x0000000771a80000)
 ParOldGen       total 29696K, used 22813K [0x00000006c3a00000, 0x00000006c5700000, 0x000000076be00000)
  object space 29696K, 76% used [0x00000006c3a00000,0x00000006c5047738,0x00000006c5700000)
 Metaspace       used 65005K, capacity 68496K, committed 68784K, reserved 1110016K
  class space    used 8507K, capacity 9053K, committed 9136K, reserved 1048576K
Event: 1696.865 GC heap after
Heap after GC invocations=41 (full 4):
 PSYoungGen      total 83968K, used 10054K [0x000000076be00000, 0x0000000772700000, 0x00000007c0000000)
  eden space 73728K, 0% used [0x000000076be00000,0x000000076be00000,0x0000000770600000)
  from space 10240K, 98% used [0x0000000770980000,0x00000007713519e0,0x0000000771380000)
  to   space 16896K, 0% used [0x0000000771680000,0x0000000771680000,0x0000000772700000)
 ParOldGen       total 29696K, used 22821K [0x00000006c3a00000, 0x00000006c5700000, 0x000000076be00000)
  object space 29696K, 76% used [0x00000006c3a00000,0x00000006c5049738,0x00000006c5700000)
 Metaspace       used 65005K, capacity 68496K, committed 68784K, reserved 1110016K
  class space    used 8507K, capacity 9053K, committed 9136K, reserved 1048576K
}
Event: 2057.137 GC heap before
{Heap before GC invocations=42 (full 4):
 PSYoungGen      total 83968K, used 83782K [0x000000076be00000, 0x0000000772700000, 0x00000007c0000000)
  eden space 73728K, 100% used [0x000000076be00000,0x0000000770600000,0x0000000770600000)
  from space 10240K, 98% used [0x0000000770980000,0x00000007713519e0,0x0000000771380000)
  to   space 16896K, 0% used [0x0000000771680000,0x0000000771680000,0x0000000772700000)
 ParOldGen       total 29696K, used 22821K [0x00000006c3a00000, 0x00000006c5700000, 0x000000076be00000)
  object space 29696K, 76% used [0x00000006c3a00000,0x00000006c5049738,0x00000006c5700000)
 Metaspace       used 65094K, capacity 68642K, committed 68784K, reserved 1110016K
  class space    used 8509K, capacity 9056K, committed 9136K, reserved 1048576K
Event: 2057.143 GC heap after
Heap after GC invocations=42 (full 4):
 PSYoungGen      total 85504K, used 10630K [0x000000076be00000, 0x0000000772500000, 0x00000007c0000000)
  eden space 70656K, 0% used [0x000000076be00000,0x000000076be00000,0x0000000770300000)
  from space 14848K, 71% used [0x0000000771680000,0x00000007720e1a80,0x0000000772500000)
  to   space 17408K, 0% used [0x0000000770300000,0x0000000770300000,0x0000000771400000)
 ParOldGen       total 29696K, used 22829K [0x00000006c3a00000, 0x00000006c5700000, 0x000000076be00000)
  object space 29696K, 76% used [0x00000006c3a00000,0x00000006c504b738,0x00000006c5700000)
 Metaspace       used 65094K, capacity 68642K, committed 68784K, reserved 1110016K
  class space    used 8509K, capacity 9056K, committed 9136K, reserved 1048576K
}
Event: 2399.138 GC heap before
{Heap before GC invocations=43 (full 4):
 PSYoungGen      total 85504K, used 81286K [0x000000076be00000, 0x0000000772500000, 0x00000007c0000000)
  eden space 70656K, 100% used [0x000000076be00000,0x0000000770300000,0x0000000770300000)
  from space 14848K, 71% used [0x0000000771680000,0x00000007720e1a80,0x0000000772500000)
  to   space 17408K, 0% used [0x0000000770300000,0x0000000770300000,0x0000000771400000)
 ParOldGen       total 29696K, used 22829K [0x00000006c3a00000, 0x00000006c5700000, 0x000000076be00000)
  object space 29696K, 76% used [0x00000006c3a00000,0x00000006c504b738,0x00000006c5700000)
 Metaspace       used 65131K, capacity 68642K, committed 68784K, reserved 1110016K
  class space    used 8509K, capacity 9056K, committed 9136K, reserved 1048576K
Event: 2399.144 GC heap after
Heap after GC invocations=43 (full 4):
 PSYoungGen      total 77824K, used 10086K [0x000000076be00000, 0x0000000772100000, 0x00000007c0000000)
  eden space 67584K, 0% used [0x000000076be00000,0x000000076be00000,0x0000000770000000)
  from space 10240K, 98% used [0x0000000770300000,0x0000000770cd99e0,0x0000000770d00000)
  to   space 16896K, 0% used [0x0000000771080000,0x0000000771080000,0x0000000772100000)
 ParOldGen       total 29696K, used 22837K [0x00000006c3a00000, 0x00000006c5700000, 0x000000076be00000)
  object space 29696K, 76% used [0x00000006c3a00000,0x00000006c504d738,0x00000006c5700000)
 Metaspace       used 65131K, capacity 68642K, committed 68784K, reserved 1110016K
  class space    used 8509K, capacity 9056K, committed 9136K, reserved 1048576K
}
Event: 2738.688 GC heap before
{Heap before GC invocations=44 (full 4):
 PSYoungGen      total 77824K, used 77670K [0x000000076be00000, 0x0000000772100000, 0x00000007c0000000)
  eden space 67584K, 100% used [0x000000076be00000,0x0000000770000000,0x0000000770000000)
  from space 10240K, 98% used [0x0000000770300000,0x0000000770cd99e0,0x0000000770d00000)
  to   space 16896K, 0% used [0x0000000771080000,0x0000000771080000,0x0000000772100000)
 ParOldGen       total 29696K, used 22837K [0x00000006c3a00000, 0x00000006c5700000, 0x000000076be00000)
  object space 29696K, 76% used [0x00000006c3a00000,0x00000006c504d738,0x00000006c5700000)
 Metaspace       used 65242K, capacity 68770K, committed 69040K, reserved 1110016K
  class space    used 8509K, capacity 9056K, committed 9136K, reserved 1048576K
Event: 2738.694 GC heap after
Heap after GC invocations=44 (full 4):
 PSYoungGen      total 78336K, used 10102K [0x000000076be00000, 0x0000000771e00000, 0x00000007c0000000)
  eden space 64512K, 0% used [0x000000076be00000,0x000000076be00000,0x000000076fd00000)
  from space 13824K, 73% used [0x0000000771080000,0x0000000771a5d9f0,0x0000000771e00000)
  to   space 16896K, 0% used [0x000000076fd00000,0x000000076fd00000,0x0000000770d80000)
 ParOldGen       total 29696K, used 22845K [0x00000006c3a00000, 0x00000006c5700000, 0x000000076be00000)
  object space 29696K, 76% used [0x00000006c3a00000,0x00000006c504f738,0x00000006c5700000)
 Metaspace       used 65242K, capacity 68770K, committed 69040K, reserved 1110016K
  class space    used 8509K, capacity 9056K, committed 9136K, reserved 1048576K
}

